This is pdfTeX, Version 3.141592653-2.6-1.40.27 (MiKTeX 25.4) (preloaded format=pdflatex 2025.7.2)  3 JUL 2025 20:40
entering extended mode
 restricted \write18 enabled.
 %&-line parsing enabled.
**./Sprawozdanie.tex
(Sprawozdanie.tex
LaTeX2e <2025-06-01> patch level 1
L3 programming layer <2025-06-09>
(sphinxmanual.cls
Document Class: sphinxmanual 2019/12/01 v2.3.0 Document class (Sphinx manual)
(C:\Users\Mateusz\AppData\Local\Programs\MiKTeX\tex/latex/base\report.cls
Document Class: report 2025/01/22 v1.4n Standard LaTeX document class
(C:\Users\Mateusz\AppData\Local\Programs\MiKTeX\tex/latex/base\size11.clo
File: size11.clo 2025/01/22 v1.4n Standard LaTeX file (size option)
)
\c@part=\count275
\c@chapter=\count276
\c@section=\count277
\c@subsection=\count278
\c@subsubsection=\count279
\c@paragraph=\count280
\c@subparagraph=\count281
\c@figure=\count282
\c@table=\count283
\abovecaptionskip=\skip49
\belowcaptionskip=\skip50
\bibindent=\dimen148
)
LaTeX Info: Redefining \and on input line 35.
)
(C:\Users\Mateusz\AppData\Local\Programs\MiKTeX\tex/latex/base\inputenc.sty
Package: inputenc 2024/02/08 v1.3d Input encoding file
\inpenc@prehook=\toks17
\inpenc@posthook=\toks18
)
   defining Unicode char U+00A0 (decimal 160)
   defining Unicode char U+2500 (decimal 9472)
   defining Unicode char U+2502 (decimal 9474)
   defining Unicode char U+2514 (decimal 9492)
   defining Unicode char U+251C (decimal 9500)
   defining Unicode char U+2572 (decimal 9586)

(C:\Users\Mateusz\AppData\Local\Programs\MiKTeX\tex/latex/cmap\cmap.sty
Package: cmap 2021/02/06 v1.0j CMap support: searchable PDF
)
(C:\Users\Mateusz\AppData\Local\Programs\MiKTeX\tex/latex/base\fontenc.sty
Package: fontenc 2024/12/21 v2.1c Standard LaTeX package
<<t1.cmap>>)
(C:\Users\Mateusz\AppData\Local\Programs\MiKTeX\tex/latex/amsmath\amsmath.sty
Package: amsmath 2025/06/16 v2.17y AMS math features
\@mathmargin=\skip51

For additional information on amsmath, use the `?' option.
(C:\Users\Mateusz\AppData\Local\Programs\MiKTeX\tex/latex/amsmath\amstext.sty
Package: amstext 2024/11/17 v2.01 AMS text

(C:\Users\Mateusz\AppData\Local\Programs\MiKTeX\tex/latex/amsmath\amsgen.sty
File: amsgen.sty 1999/11/30 v2.0 generic functions
\@emptytoks=\toks19
\ex@=\dimen149
))
(C:\Users\Mateusz\AppData\Local\Programs\MiKTeX\tex/latex/amsmath\amsbsy.sty
Package: amsbsy 1999/11/29 v1.2d Bold Symbols
\pmbraise@=\dimen150
)
(C:\Users\Mateusz\AppData\Local\Programs\MiKTeX\tex/latex/amsmath\amsopn.sty
Package: amsopn 2022/04/08 v2.04 operator names
)
\inf@bad=\count284
LaTeX Info: Redefining \frac on input line 233.
\uproot@=\count285
\leftroot@=\count286
LaTeX Info: Redefining \overline on input line 398.
LaTeX Info: Redefining \colon on input line 409.
\classnum@=\count287
\DOTSCASE@=\count288
LaTeX Info: Redefining \ldots on input line 495.
LaTeX Info: Redefining \dots on input line 498.
LaTeX Info: Redefining \cdots on input line 619.
\Mathstrutbox@=\box53
\strutbox@=\box54
LaTeX Info: Redefining \big on input line 721.
LaTeX Info: Redefining \Big on input line 722.
LaTeX Info: Redefining \bigg on input line 723.
LaTeX Info: Redefining \Bigg on input line 724.
\big@size=\dimen151
LaTeX Font Info:    Redeclaring font encoding OML on input line 742.
LaTeX Font Info:    Redeclaring font encoding OMS on input line 743.
\macc@depth=\count289
LaTeX Info: Redefining \bmod on input line 904.
LaTeX Info: Redefining \pmod on input line 909.
LaTeX Info: Redefining \smash on input line 939.
LaTeX Info: Redefining \relbar on input line 969.
LaTeX Info: Redefining \Relbar on input line 970.
\c@MaxMatrixCols=\count290
\dotsspace@=\muskip17
\c@parentequation=\count291
\dspbrk@lvl=\count292
\tag@help=\toks20
\row@=\count293
\column@=\count294
\maxfields@=\count295
\andhelp@=\toks21
\eqnshift@=\dimen152
\alignsep@=\dimen153
\tagshift@=\dimen154
\tagwidth@=\dimen155
\totwidth@=\dimen156
\lineht@=\dimen157
\@envbody=\toks22
\multlinegap=\skip52
\multlinetaggap=\skip53
\mathdisplay@stack=\toks23
LaTeX Info: Redefining \[ on input line 2949.
LaTeX Info: Redefining \] on input line 2950.
)
(C:\Users\Mateusz\AppData\Local\Programs\MiKTeX\tex/latex/amsfonts\amssymb.sty
Package: amssymb 2013/01/14 v3.01 AMS font symbols

(C:\Users\Mateusz\AppData\Local\Programs\MiKTeX\tex/latex/amsfonts\amsfonts.sty
Package: amsfonts 2013/01/14 v3.01 Basic AMSFonts support
\symAMSa=\mathgroup4
\symAMSb=\mathgroup5
LaTeX Font Info:    Redeclaring math symbol \hbar on input line 98.
LaTeX Font Info:    Overwriting math alphabet `\mathfrak' in version `bold'
(Font)                  U/euf/m/n --> U/euf/b/n on input line 106.
)) (C:\Users\Mateusz\AppData\Local\Programs\MiKTeX\tex/generic/babel\babel.sty
Package: babel 2025/05/14 v25.9 The multilingual framework for pdfLaTeX, LuaLaT
eX and XeLaTeX
\babel@savecnt=\count296
LaTeX Encoding Info:    Redeclaring text command \ij (encoding OT1) on input li
ne 2043.
LaTeX Encoding Info:    Redeclaring text command \IJ (encoding OT1) on input li
ne 2045.
LaTeX Encoding Info:    Redeclaring text command \ij (encoding T1) on input lin
e 2047.
LaTeX Encoding Info:    Redeclaring text command \IJ (encoding T1) on input lin
e 2048.
LaTeX Encoding Info:    Ignoring declaration for text command \ij (encoding ?) 
on input line 2049.
LaTeX Encoding Info:    Ignoring declaration for text command \IJ (encoding ?) 
on input line 2051.
LaTeX Encoding Info:    Ignoring declaration for text command \SS (encoding ?) 
on input line 2076.
\U@D=\dimen158
\l@unhyphenated=\language79

(C:\Users\Mateusz\AppData\Local\Programs\MiKTeX\tex/generic/babel\txtbabel.def)
\bbl@readstream=\read2
\bbl@dirlevel=\count297
*************************************
* Local config file bblopts.cfg used
*
(C:\Users\Mateusz\AppData\Local\Programs\MiKTeX\tex/latex/arabi\bblopts.cfg
File: bblopts.cfg 2005/09/08 v0.1 add Arabic and Farsi to "declared" options of
 babel
)
(C:\Users\Mateusz\AppData\Local\Programs\MiKTeX\tex/latex/babel-english\english
.ldf
Language: english 2017/06/06 v3.3r English support from the babel system

(C:\Users\Mateusz\AppData\Local\Programs\MiKTeX\tex/generic/babel/locale/en\bab
el-english.tex
Package babel Info: Importing font and identification data for english
(babel)             from babel-en.ini. Reported on input line 11.
)
Package babel Info: Hyphen rules for 'canadian' set to \l@english
(babel)             (\language0). Reported on input line 102.
Package babel Info: Hyphen rules for 'australian' set to \l@ukenglish
(babel)             (\language73). Reported on input line 105.
Package babel Info: Hyphen rules for 'newzealand' set to \l@ukenglish
(babel)             (\language73). Reported on input line 108.
))
(C:\Users\Mateusz\AppData\Local\Programs\MiKTeX\tex/latex/tex-gyre\tgtermes.sty
Package: tgtermes 2009/09/27 v1.2 TeX Gyre Termes as default roman family

(C:\Users\Mateusz\AppData\Local\Programs\MiKTeX\tex/latex/kvoptions\kvoptions.s
ty
Package: kvoptions 2022-06-15 v3.15 Key value format for package options (HO)

(C:\Users\Mateusz\AppData\Local\Programs\MiKTeX\tex/latex/graphics\keyval.sty
Package: keyval 2022/05/29 v1.15 key=value parser (DPC)
\KV@toks@=\toks24
)
(C:\Users\Mateusz\AppData\Local\Programs\MiKTeX\tex/generic/ltxcmds\ltxcmds.sty
Package: ltxcmds 2023-12-04 v1.26 LaTeX kernel commands for general use (HO)
)
(C:\Users\Mateusz\AppData\Local\Programs\MiKTeX\tex/latex/kvsetkeys\kvsetkeys.s
ty
Package: kvsetkeys 2022-10-05 v1.19 Key value parser (HO)
)))
(C:\Users\Mateusz\AppData\Local\Programs\MiKTeX\tex/latex/tex-gyre\tgheros.sty
Package: tgheros 2009/09/27 v1.2 TeX Gyre Heros as default sans serif family
)
(C:\Users\Mateusz\AppData\Local\Programs\MiKTeX\tex/latex/fncychap\fncychap.sty
Package: fncychap 2007/07/30 v1.34 LaTeX package (Revised chapters)
\RW=\skip54
\mylen=\skip55
\myhi=\skip56
\px=\skip57
\py=\skip58
\pyy=\skip59
\pxx=\skip60
\c@AlphaCnt=\count298
\c@AlphaDecCnt=\count299
) (sphinx.sty
Package: sphinx 2024/11/23 v8.2.0 Sphinx LaTeX package (sphinx-doc)

(C:\Users\Mateusz\AppData\Local\Programs\MiKTeX\tex/latex/xcolor\xcolor.sty
Package: xcolor 2024/09/29 v3.02 LaTeX color extensions (UK)

(C:\Users\Mateusz\AppData\Local\Programs\MiKTeX\tex/latex/graphics-cfg\color.cf
g
File: color.cfg 2016/01/02 v1.6 sample color configuration
)
Package xcolor Info: Driver file: pdftex.def on input line 274.

(C:\Users\Mateusz\AppData\Local\Programs\MiKTeX\tex/latex/graphics-def\pdftex.d
ef
File: pdftex.def 2024/04/13 v1.2c Graphics/color driver for pdftex
)
(C:\Users\Mateusz\AppData\Local\Programs\MiKTeX\tex/latex/graphics\mathcolor.lt
x)
Package xcolor Info: Model `cmy' substituted by `cmy0' on input line 1349.
Package xcolor Info: Model `hsb' substituted by `rgb' on input line 1353.
Package xcolor Info: Model `RGB' extended on input line 1365.
Package xcolor Info: Model `HTML' substituted by `rgb' on input line 1367.
Package xcolor Info: Model `Hsb' substituted by `hsb' on input line 1368.
Package xcolor Info: Model `tHsb' substituted by `hsb' on input line 1369.
Package xcolor Info: Model `HSB' substituted by `hsb' on input line 1370.
Package xcolor Info: Model `Gray' substituted by `gray' on input line 1371.
Package xcolor Info: Model `wave' substituted by `hsb' on input line 1372.
) (sphinxoptionshyperref.sty
Package: sphinxoptionshyperref 2021/01/27 hyperref
) (sphinxoptionsgeometry.sty
Package: sphinxoptionsgeometry 2021/01/27 geometry
)
(C:\Users\Mateusz\AppData\Local\Programs\MiKTeX\tex/latex/base\textcomp.sty
Package: textcomp 2024/04/24 v2.1b Standard LaTeX package
)
(C:\Users\Mateusz\AppData\Local\Programs\MiKTeX\tex/latex/float\float.sty
Package: float 2001/11/08 v1.3d Float enhancements (AL)
\c@float@type=\count300
\float@exts=\toks25
\float@box=\box55
\@float@everytoks=\toks26
\@floatcapt=\box56
)
(C:\Users\Mateusz\AppData\Local\Programs\MiKTeX\tex/latex/wrapfig\wrapfig.sty
\wrapoverhang=\dimen159
\WF@size=\dimen160
\c@WF@wrappedlines=\count301
\WF@box=\box57
\WF@everypar=\toks27
Package: wrapfig 2003/01/31  v 3.6
)
(C:\Users\Mateusz\AppData\Local\Programs\MiKTeX\tex/latex/capt-of\capt-of.sty
Package: capt-of 2009/12/29 v0.2 standard captions outside of floats
)
(C:\Users\Mateusz\AppData\Local\Programs\MiKTeX\tex/latex/tools\multicol.sty
Package: multicol 2025/05/25 v2.0a multicolumn formatting (FMi)
\c@tracingmulticols=\count302
\mult@box=\box58
\multicol@leftmargin=\dimen161
\c@unbalance=\count303
\c@collectmore=\count304
\doublecol@number=\count305
\multicoltolerance=\count306
\multicolpretolerance=\count307
\full@width=\dimen162
\page@free=\dimen163
\premulticols=\dimen164
\postmulticols=\dimen165
\multicolsep=\skip61
\multicolbaselineskip=\skip62
\partial@page=\box59
\last@line=\box60
\mc@boxedresult=\box61
\maxbalancingoverflow=\dimen166
\mult@rightbox=\box62
\mult@grightbox=\box63
\mult@firstbox=\box64
\mult@gfirstbox=\box65
\@tempa=\box66
\@tempa=\box67
\@tempa=\box68
\@tempa=\box69
\@tempa=\box70
\@tempa=\box71
\@tempa=\box72
\@tempa=\box73
\@tempa=\box74
\@tempa=\box75
\@tempa=\box76
\@tempa=\box77
\@tempa=\box78
\@tempa=\box79
\@tempa=\box80
\@tempa=\box81
\@tempa=\box82
\@tempa=\box83
\@tempa=\box84
\@tempa=\box85
\@tempa=\box86
\@tempa=\box87
\@tempa=\box88
\@tempa=\box89
\@tempa=\box90
\@tempa=\box91
\@tempa=\box92
\@tempa=\box93
\@tempa=\box94
\@tempa=\box95
\@tempa=\box96
\@tempa=\box97
\@tempa=\box98
\@tempa=\box99
\@tempa=\box100
\@tempa=\box101
\c@minrows=\count308
\c@columnbadness=\count309
\c@finalcolumnbadness=\count310
\last@try=\dimen167
\multicolovershoot=\dimen168
\multicolundershoot=\dimen169
\mult@nat@firstbox=\box102
\colbreak@box=\box103
\mc@col@check@num=\count311
\g__mc_curr_col_int=\count312
)
(C:\Users\Mateusz\AppData\Local\Programs\MiKTeX\tex/latex/graphics\graphicx.sty
Package: graphicx 2024/12/31 v1.2e Enhanced LaTeX Graphics (DPC,SPQR)

(C:\Users\Mateusz\AppData\Local\Programs\MiKTeX\tex/latex/graphics\graphics.sty
Package: graphics 2024/08/06 v1.4g Standard LaTeX Graphics (DPC,SPQR)
(C:\Users\Mateusz\AppData\Local\Programs\MiKTeX\tex/latex/graphics\trig.sty
Package: trig 2023/12/02 v1.11 sin cos tan (DPC)
)
(C:\Users\Mateusz\AppData\Local\Programs\MiKTeX\tex/latex/graphics-cfg\graphics
.cfg
File: graphics.cfg 2016/06/04 v1.11 sample graphics configuration
)
Package graphics Info: Driver file: pdftex.def on input line 106.
)
\Gin@req@height=\dimen170
\Gin@req@width=\dimen171
) (sphinxlatexgraphics.sty
Package: sphinxlatexgraphics 2024/08/13 v8.1.0 graphics
\spx@image@maxheight=\dimen172
\spx@image@box=\box104
) (sphinxpackageboxes.sty
Package: sphinxpackageboxes 2024/07/01 v7.4.0 advanced colored boxes

(C:\Users\Mateusz\AppData\Local\Programs\MiKTeX\tex/latex/pict2e\pict2e.sty
Package: pict2e 2020/09/30 v0.4b Improved picture commands (HjG,RN,JT)

(C:\Users\Mateusz\AppData\Local\Programs\MiKTeX\tex/latex/pict2e\pict2e.cfg
File: pict2e.cfg 2016/02/05 v0.1u pict2e configuration for teTeX/TeXLive
)
Package pict2e Info: Driver file: pdftex.def on input line 112.
Package pict2e Info: Driver file for pict2e: p2e-pdftex.def on input line 114.

(C:\Users\Mateusz\AppData\Local\Programs\MiKTeX\tex/latex/pict2e\p2e-pdftex.def
File: p2e-pdftex.def 2016/02/05 v0.1u Driver-dependant file (RN,HjG,JT)
)
\pIIe@GRAPH=\toks28
\@arclen=\dimen173
\@arcrad=\dimen174
\pIIe@tempdima=\dimen175
\pIIe@tempdimb=\dimen176
\pIIe@tempdimc=\dimen177
\pIIe@tempdimd=\dimen178
\pIIe@tempdime=\dimen179
\pIIe@tempdimf=\dimen180
)
(C:\Users\Mateusz\AppData\Local\Programs\MiKTeX\tex/latex/ellipse\ellipse.sty
Package: ellipse 2004/11/05 v1.0 .dtx ellipse file
)
\@tempdimd=\dimen181
\spx@tempboxa=\box105
\spx@tempboxb=\box106
\spx@boxes@border@top=\dimen182
\spx@boxes@border@right=\dimen183
\spx@boxes@border@bottom=\dimen184
\spx@boxes@border@left=\dimen185
\spx@boxes@padding@top=\dimen186
\spx@boxes@padding@right=\dimen187
\spx@boxes@padding@bottom=\dimen188
\spx@boxes@padding@left=\dimen189
\spx@boxes@shadow@xoffset=\dimen190
\spx@boxes@shadow@yoffset=\dimen191
\spx@boxes@radius@topleft@x=\dimen192
\spx@boxes@radius@topright@x=\dimen193
\spx@boxes@radius@bottomright@x=\dimen194
\spx@boxes@radius@bottomleft@x=\dimen195
\spx@boxes@radius@topleft@y=\dimen196
\spx@boxes@radius@topright@y=\dimen197
\spx@boxes@radius@bottomright@y=\dimen198
\spx@boxes@radius@bottomleft@y=\dimen199
) (sphinxlatexadmonitions.sty
Package: sphinxlatexadmonitions 2024/10/11 v8.1.1 admonitions

(C:\Users\Mateusz\AppData\Local\Programs\MiKTeX\tex/latex/framed\framed.sty
Package: framed 2011/10/22 v 0.96: framed or shaded text with page breaks
\OuterFrameSep=\skip63
\fb@frw=\dimen256
\fb@frh=\dimen257
\FrameRule=\dimen258
\FrameSep=\dimen259
)
(sphinxpackagefootnote.sty
Package: sphinxpackagefootnote 2024/05/17 v7.3.x Sphinx custom footnotehyper pa
ckage (Sphinx team)
\FNH@notes=\box107
\FNH@toks=\toks29
\FNH@width=\dimen260
\c@sphinxfootnotemark=\count313
)
\spx@notice@border=\dimen261
\c@sphinxtodo=\count314
) (sphinxlatexliterals.sty
Package: sphinxlatexliterals 2024/07/01 v7.4.0 code-blocks and parsed literals

(C:\Users\Mateusz\AppData\Local\Programs\MiKTeX\tex/latex/fancyvrb\fancyvrb.sty
Package: fancyvrb 2024/01/20 4.5c verbatim text (tvz,hv)
\FV@CodeLineNo=\count315
\FV@InFile=\read3
\FV@TabBox=\box108
\c@FancyVerbLine=\count316
\FV@StepNumber=\count317
\FV@OutFile=\write3
) (C:\Users\Mateusz\AppData\Local\Programs\MiKTeX\tex/latex/base\alltt.sty
Package: alltt 2024/07/07 v2.0g defines alltt environment
)
(C:\Users\Mateusz\AppData\Local\Programs\MiKTeX\tex/latex/upquote\upquote.sty
Package: upquote 2012/04/19 v1.3 upright-quote and grave-accent glyphs in verba
tim
)
(C:\Users\Mateusz\AppData\Local\Programs\MiKTeX\tex/latex/needspace\needspace.s
ty
Package: needspace 2025/03/13 v1.3e reserve vertical space
)
\sphinxcontinuationbox=\box109
\sphinxvisiblespacebox=\box110
\sphinxVerbatim@TitleBox=\box111
\sphinxVerbatim@ContentsBox=\box112
) (sphinxlatexshadowbox.sty
Package: sphinxlatexshadowbox 2024/07/28 v8.1.0 sphinxShadowBox
) (sphinxlatexcontainers.sty
Package: sphinxlatexcontainers 2021/05/03 containers
)
(sphinxhighlight.sty
Package: sphinxhighlight 2022/06/30 stylesheet for highlighting with pygments
) (sphinxlatextables.sty
Package: sphinxlatextables 2024/07/01 v7.4.0 tables

(C:\Users\Mateusz\AppData\Local\Programs\MiKTeX\tex/latex/tabulary\tabulary.sty
Package: tabulary 2024/06/04 v0.11 tabulary package (DPC)
(C:\Users\Mateusz\AppData\Local\Programs\MiKTeX\tex/latex/tools\array.sty
Package: array 2025/06/08 v2.6j Tabular extension package (FMi)
\col@sep=\dimen262
\ar@mcellbox=\box113
\extrarowheight=\dimen263
\NC@list=\toks30
\extratabsurround=\skip64
\backup@length=\skip65
\ar@cellbox=\box114
)
\TY@count=\count318
\TY@linewidth=\dimen264
\tymin=\dimen265
\tymax=\dimen266
\TY@tablewidth=\dimen267
)
(C:\Users\Mateusz\AppData\Local\Programs\MiKTeX\tex/latex/tools\longtable.sty
Package: longtable 2024-12-18 v4.23 Multi-page Table package (DPC)
\LTleft=\skip66
\LTright=\skip67
\LTpre=\skip68
\LTpost=\skip69
\LTchunksize=\count319
\LTcapwidth=\dimen268
\LT@head=\box115
\LT@firsthead=\box116
\LT@foot=\box117
\LT@lastfoot=\box118
\LT@gbox=\box119
\LT@cols=\count320
\LT@rows=\count321
\c@LT@tables=\count322
\c@LT@chunks=\count323
\LT@p@ftn=\toks31
)
(C:\Users\Mateusz\AppData\Local\Programs\MiKTeX\tex/latex/varwidth\varwidth.sty
Package: varwidth 2009/03/30 ver 0.92;  Variable-width minipages
\@vwid@box=\box120
\sift@deathcycles=\count324
\@vwid@loff=\dimen269
\@vwid@roff=\dimen270
)
==> First Aid for varwidth.sty applied!
\sphinx@TY@tablewidth=\dimen271

(C:\Users\Mateusz\AppData\Local\Programs\MiKTeX\tex/latex/colortbl\colortbl.sty
Package: colortbl 2024/10/29 v1.0k Color table columns (DPC)
\everycr=\toks32
\minrowclearance=\skip70
\rownum=\count325
)
(C:\Users\Mateusz\AppData\Local\Programs\MiKTeX\tex/latex/booktabs\booktabs.sty
Package: booktabs 2020/01/12 v1.61803398 Publication quality tables
\heavyrulewidth=\dimen272
\lightrulewidth=\dimen273
\cmidrulewidth=\dimen274
\belowrulesep=\dimen275
\belowbottomsep=\dimen276
\aboverulesep=\dimen277
\abovetopsep=\dimen278
\cmidrulesep=\dimen279
\cmidrulekern=\dimen280
\defaultaddspace=\dimen281
\@cmidla=\count326
\@cmidlb=\count327
\@aboverulesep=\dimen282
\@belowrulesep=\dimen283
\@thisruleclass=\count328
\@lastruleclass=\count329
\@thisrulewidth=\dimen284
)) (sphinxlatexnumfig.sty
Package: sphinxlatexnumfig 2024/07/31 v8.1.0 numbering
) (sphinxlatexlists.sty
Package: sphinxlatexlists 2021/12/20 lists
\spx@lineitemlabel=\toks33
)
\c@sphinxscope=\count330
 (sphinxlatexindbibtoc.sty
Package: sphinxlatexindbibtoc 2021/01/27 index, bib., toc

(C:\Users\Mateusz\AppData\Local\Programs\MiKTeX\tex/latex/base\makeidx.sty
Package: makeidx 2021/10/04 v1.0m Standard LaTeX package
))
(sphinxlatexstylepage.sty
Package: sphinxlatexstylepage 2021/01/27 page styling

(C:\Users\Mateusz\AppData\Local\Programs\MiKTeX\tex/latex/parskip\parskip.sty
Package: parskip 2021-03-14 v2.0h non-zero parskip adjustments

(C:\Users\Mateusz\AppData\Local\Programs\MiKTeX\tex/latex/etoolbox\etoolbox.sty
Package: etoolbox 2025/02/11 v2.5l e-TeX tools for LaTeX (JAW)
\etb@tempcnta=\count331
))
(C:\Users\Mateusz\AppData\Local\Programs\MiKTeX\tex/latex/fancyhdr\fancyhdr.sty
Package: fancyhdr 2025/02/07 v5.2 Extensive control of page headers and footers

\f@nch@headwidth=\skip71
\f@nch@offset@elh=\skip72
\f@nch@offset@erh=\skip73
\f@nch@offset@olh=\skip74
\f@nch@offset@orh=\skip75
\f@nch@offset@elf=\skip76
\f@nch@offset@erf=\skip77
\f@nch@offset@olf=\skip78
\f@nch@offset@orf=\skip79
\f@nch@height=\skip80
\f@nch@footalignment=\skip81
\f@nch@widthL=\skip82
\f@nch@widthC=\skip83
\f@nch@widthR=\skip84
\@temptokenb=\toks34
)) (sphinxlatexstyleheadings.sty
Package: sphinxlatexstyleheadings 2023/02/11 headings

(C:\Users\Mateusz\AppData\Local\Programs\MiKTeX\tex/latex/titlesec\titlesec.sty
Package: titlesec 2025/01/04 v2.17 Sectioning titles
\ttl@box=\box121
\beforetitleunit=\skip85
\aftertitleunit=\skip86
\ttl@plus=\dimen285
\ttl@minus=\dimen286
\ttl@toksa=\toks35
\titlewidth=\dimen287
\titlewidthlast=\dimen288
\titlewidthfirst=\dimen289
)) (sphinxlatexstyletext.sty
Package: sphinxlatexstyletext 2024/07/28 v8.1.0 text styling
) (sphinxlatexobjects.sty
Package: sphinxlatexobjects 2025/02/11 documentation environments
\sphinxsignaturesep=\skip87
\sphinxsignaturelistskip=\skip88
\py@argswidth=\skip89
\lineblockindentation=\skip90
\DUlineblockindent=\skip91
))
(C:\Users\Mateusz\AppData\Local\Programs\MiKTeX\tex/latex/geometry\geometry.sty
Package: geometry 2020/01/02 v5.9 Page Geometry
(C:\Users\Mateusz\AppData\Local\Programs\MiKTeX\tex/generic/iftex\ifvtex.sty
Package: ifvtex 2019/10/25 v1.7 ifvtex legacy package. Use iftex instead.

(C:\Users\Mateusz\AppData\Local\Programs\MiKTeX\tex/generic/iftex\iftex.sty
Package: iftex 2024/12/12 v1.0g TeX engine tests
))
\Gm@cnth=\count332
\Gm@cntv=\count333
\c@Gm@tempcnt=\count334
\Gm@bindingoffset=\dimen290
\Gm@wd@mp=\dimen291
\Gm@odd@mp=\dimen292
\Gm@even@mp=\dimen293
\Gm@layoutwidth=\dimen294
\Gm@layoutheight=\dimen295
\Gm@layouthoffset=\dimen296
\Gm@layoutvoffset=\dimen297
\Gm@dimlist=\toks36

(C:\Users\Mateusz\AppData\Local\Programs\MiKTeX\tex/latex/geometry\geometry.cfg
))
(C:\Users\Mateusz\AppData\Local\Programs\MiKTeX\tex/latex/hyperref\hyperref.sty
Package: hyperref 2025-06-21 v7.01n Hypertext links for LaTeX

(C:\Users\Mateusz\AppData\Local\Programs\MiKTeX\tex/generic/kvdefinekeys\kvdefi
nekeys.sty
Package: kvdefinekeys 2019-12-19 v1.6 Define keys (HO)
)
(C:\Users\Mateusz\AppData\Local\Programs\MiKTeX\tex/generic/pdfescape\pdfescape
.sty
Package: pdfescape 2019/12/09 v1.15 Implements pdfTeX's escape features (HO)

(C:\Users\Mateusz\AppData\Local\Programs\MiKTeX\tex/generic/pdftexcmds\pdftexcm
ds.sty
Package: pdftexcmds 2020-06-27 v0.33 Utility functions of pdfTeX for LuaTeX (HO
)

(C:\Users\Mateusz\AppData\Local\Programs\MiKTeX\tex/generic/infwarerr\infwarerr
.sty
Package: infwarerr 2019/12/03 v1.5 Providing info/warning/error messages (HO)
)
Package pdftexcmds Info: \pdf@primitive is available.
Package pdftexcmds Info: \pdf@ifprimitive is available.
Package pdftexcmds Info: \pdfdraftmode found.
))
(C:\Users\Mateusz\AppData\Local\Programs\MiKTeX\tex/latex/hycolor\hycolor.sty
Package: hycolor 2020-01-27 v1.10 Color options for hyperref/bookmark (HO)
)
(C:\Users\Mateusz\AppData\Local\Programs\MiKTeX\tex/latex/hyperref\nameref.sty
Package: nameref 2025-06-21 v2.57 Cross-referencing by name of section

(C:\Users\Mateusz\AppData\Local\Programs\MiKTeX\tex/latex/refcount\refcount.sty
Package: refcount 2019/12/15 v3.6 Data extraction from label references (HO)
)
(C:\Users\Mateusz\AppData\Local\Programs\MiKTeX\tex/generic/gettitlestring\gett
itlestring.sty
Package: gettitlestring 2019/12/15 v1.6 Cleanup title references (HO)
)
\c@section@level=\count335
)
(C:\Users\Mateusz\AppData\Local\Programs\MiKTeX\tex/generic/stringenc\stringenc
.sty
Package: stringenc 2019/11/29 v1.12 Convert strings between diff. encodings (HO
)
)
\@linkdim=\dimen298
\Hy@linkcounter=\count336
\Hy@pagecounter=\count337

(C:\Users\Mateusz\AppData\Local\Programs\MiKTeX\tex/latex/hyperref\pd1enc.def
File: pd1enc.def 2025-06-21 v7.01n Hyperref: PDFDocEncoding definition (HO)
Now handling font encoding PD1 ...
... no UTF-8 mapping file for font encoding PD1
)
(C:\Users\Mateusz\AppData\Local\Programs\MiKTeX\tex/generic/intcalc\intcalc.sty
Package: intcalc 2019/12/15 v1.3 Expandable calculations with integers (HO)
)
\Hy@SavedSpaceFactor=\count338
 (C:\Users\Mateusz\AppData\Local\Programs\MiKTeX\tex/latex/hyperref\puenc.def
File: puenc.def 2025-06-21 v7.01n Hyperref: PDF Unicode definition (HO)
Now handling font encoding PU ...
... no UTF-8 mapping file for font encoding PU
)
Package hyperref Info: Option `unicode' set `true' on input line 4052.
Package hyperref Info: Option `colorlinks' set `true' on input line 4052.
Package hyperref Info: Option `breaklinks' set `true' on input line 4052.
Package hyperref Info: Hyper figures OFF on input line 4181.
Package hyperref Info: Link nesting OFF on input line 4186.
Package hyperref Info: Hyper index ON on input line 4189.
Package hyperref Info: Plain pages OFF on input line 4196.
Package hyperref Info: Backreferencing OFF on input line 4201.
Package hyperref Info: Implicit mode ON; LaTeX internals redefined.
Package hyperref Info: Bookmarks ON on input line 4448.
\c@Hy@tempcnt=\count339
(C:\Users\Mateusz\AppData\Local\Programs\MiKTeX\tex/latex/url\url.sty
\Urlmuskip=\muskip18
Package: url 2013/09/16  ver 3.4  Verb mode for urls, etc.
)
LaTeX Info: Redefining \url on input line 4787.
\XeTeXLinkMargin=\dimen299

(C:\Users\Mateusz\AppData\Local\Programs\MiKTeX\tex/generic/bitset\bitset.sty
Package: bitset 2019/12/09 v1.3 Handle bit-vector datatype (HO)

(C:\Users\Mateusz\AppData\Local\Programs\MiKTeX\tex/generic/bigintcalc\bigintca
lc.sty
Package: bigintcalc 2019/12/15 v1.5 Expandable calculations on big integers (HO
)
))
\Fld@menulength=\count340
\Field@Width=\dimen300
\Fld@charsize=\dimen301
Package hyperref Info: Hyper figures OFF on input line 6066.
Package hyperref Info: Link nesting OFF on input line 6071.
Package hyperref Info: Hyper index ON on input line 6074.
Package hyperref Info: backreferencing OFF on input line 6081.
Package hyperref Info: Link coloring ON on input line 6084.
Package hyperref Info: Link coloring with OCG OFF on input line 6091.
Package hyperref Info: PDF/A mode OFF on input line 6096.
\Hy@abspage=\count341
\c@Item=\count342
\c@Hfootnote=\count343
)
Package hyperref Info: Driver (autodetected): hpdftex.

(C:\Users\Mateusz\AppData\Local\Programs\MiKTeX\tex/latex/hyperref\hpdftex.def
File: hpdftex.def 2025-06-21 v7.01n Hyperref driver for pdfTeX
\Fld@listcount=\count344
\c@bookmark@seq@number=\count345

(C:\Users\Mateusz\AppData\Local\Programs\MiKTeX\tex/latex/rerunfilecheck\rerunf
ilecheck.sty
Package: rerunfilecheck 2025-06-21 v1.11 Rerun checks for auxiliary files (HO)

(C:\Users\Mateusz\AppData\Local\Programs\MiKTeX\tex/generic/uniquecounter\uniqu
ecounter.sty
Package: uniquecounter 2019/12/15 v1.4 Provide unlimited unique counter (HO)
)
Package uniquecounter Info: New unique counter `rerunfilecheck' on input line 2
84.
)
\Hy@SectionHShift=\skip92
)
(C:\Users\Mateusz\AppData\Local\Programs\MiKTeX\tex/latex/hypcap\hypcap.sty
Package: hypcap 2024-07-26 v1.13 Adjusting the anchors of captions (HO)

(C:\Users\Mateusz\AppData\Local\Programs\MiKTeX\tex/latex/letltxmacro\letltxmac
ro.sty
Package: letltxmacro 2019/12/03 v1.6 Let assignment for LaTeX macros (HO)
)) (sphinxmessages.sty
Package: sphinxmessages 2019/01/04 v2.0 Localized LaTeX macros (Sphinx team)
)
\@indexfile=\write4
\openout4 = `Sprawozdanie.idx'.


Writing index file Sprawozdanie.idx
LaTeX Font Info:    Trying to load font information for T1+qtm on input line 72
.
(C:\Users\Mateusz\AppData\Local\Programs\MiKTeX\tex/latex/tex-gyre\t1qtm.fd
File: t1qtm.fd 2009/09/25 v1.2 font definition file for T1/qtm
)
(C:\Users\Mateusz\AppData\Local\Programs\MiKTeX\tex/latex/l3backend\l3backend-p
dftex.def
File: l3backend-pdftex.def 2025-06-09 L3 backend support: PDF output (pdfTeX)
\l__color_backend_stack_int=\count346
) (Sprawozdanie.aux)
\openout1 = `Sprawozdanie.aux'.

LaTeX Font Info:    Checking defaults for OML/cmm/m/it on input line 72.
LaTeX Font Info:    ... okay on input line 72.
LaTeX Font Info:    Checking defaults for OMS/cmsy/m/n on input line 72.
LaTeX Font Info:    ... okay on input line 72.
LaTeX Font Info:    Checking defaults for OT1/cmr/m/n on input line 72.
LaTeX Font Info:    ... okay on input line 72.
LaTeX Font Info:    Checking defaults for T1/cmr/m/n on input line 72.
LaTeX Font Info:    ... okay on input line 72.
LaTeX Font Info:    Checking defaults for TS1/cmr/m/n on input line 72.
LaTeX Font Info:    ... okay on input line 72.
LaTeX Font Info:    Checking defaults for OMX/cmex/m/n on input line 72.
LaTeX Font Info:    ... okay on input line 72.
LaTeX Font Info:    Checking defaults for U/cmr/m/n on input line 72.
LaTeX Font Info:    ... okay on input line 72.
LaTeX Font Info:    Checking defaults for PD1/pdf/m/n on input line 72.
LaTeX Font Info:    ... okay on input line 72.
LaTeX Font Info:    Checking defaults for PU/pdf/m/n on input line 72.
LaTeX Font Info:    ... okay on input line 72.

(C:\Users\Mateusz\AppData\Local\Programs\MiKTeX\tex/context/base/mkii\supp-pdf.
mkii
[Loading MPS to PDF converter (version 2006.09.02).]
\scratchcounter=\count347
\scratchdimen=\dimen302
\scratchbox=\box122
\nofMPsegments=\count348
\nofMParguments=\count349
\everyMPshowfont=\toks37
\MPscratchCnt=\count350
\MPscratchDim=\dimen303
\MPnumerator=\count351
\makeMPintoPDFobject=\count352
\everyMPtoPDFconversion=\toks38
)
(C:\Users\Mateusz\AppData\Local\Programs\MiKTeX\tex/latex/epstopdf-pkg\epstopdf
-base.sty
Package: epstopdf-base 2020-01-24 v2.11 Base part for package epstopdf
Package epstopdf-base Info: Redefining graphics rule for `.eps' on input line 4
85.

(C:\Users\Mateusz\AppData\Local\Programs\MiKTeX\tex/latex/00miktex\epstopdf-sys
.cfg
File: epstopdf-sys.cfg 2021/03/18 v2.0 Configuration of epstopdf for MiKTeX
))
(C:\Users\Mateusz\AppData\Local\Programs\MiKTeX\tex/latex/fontawesome5\fontawes
ome5.sty
(C:\Users\Mateusz\AppData\Local\Programs\MiKTeX\tex/latex/l3kernel\expl3.sty
Package: expl3 2025-06-09 L3 programming layer (loader) 
)
Package: fontawesome5 2022/05/02 v5.15.4 Font Awesome 5

(C:\Users\Mateusz\AppData\Local\Programs\MiKTeX\tex/latex/l3packages/l3keys2e\l
3keys2e.sty
Package: l3keys2e 2024-08-16 LaTeX2e option processing using LaTeX3 keys
)
(C:\Users\Mateusz\AppData\Local\Programs\MiKTeX\tex/latex/l3packages/xparse\xpa
rse.sty
Package: xparse 2024-08-16 L3 Experimental document command parser
)
(C:\Users\Mateusz\AppData\Local\Programs\MiKTeX\tex/latex/fontawesome5\fontawes
ome5-generic-helper.sty
Package: fontawesome5-generic-helper 2022/05/02 v5.15.4 non-uTeX helper for fon
tawesome5

(C:\Users\Mateusz\AppData\Local\Programs\MiKTeX\tex/latex/fontawesome5\fontawes
ome5-mapping.def)))
\c@literalblock=\count353

*geometry* driver: auto-detecting
*geometry* detected driver: pdftex
*geometry* verbose mode - [ preamble ] result:
* driver: pdftex
* paper: a4paper
* layout: <same size as paper>
* layoutoffset:(h,v)=(0.0pt,0.0pt)
* modes: twoside 
* h-part:(L,W,R)=(72.26999pt, 452.9679pt, 72.26999pt)
* v-part:(T,H,B)=(72.26999pt, 700.50687pt, 72.26999pt)
* \paperwidth=597.50787pt
* \paperheight=845.04684pt
* \textwidth=452.9679pt
* \textheight=700.50687pt
* \oddsidemargin=0.0pt
* \evensidemargin=0.0pt
* \topmargin=-37.0pt
* \headheight=12.0pt
* \headsep=25.0pt
* \topskip=11.0pt
* \footskip=30.0pt
* \marginparwidth=36.135pt
* \marginparsep=10.0pt
* \columnsep=10.0pt
* \skip\footins=10.0pt plus 4.0pt minus 2.0pt
* \hoffset=0.0pt
* \voffset=0.0pt
* \mag=1000
* \@twocolumnfalse
* \@twosidetrue
* \@mparswitchtrue
* \@reversemarginfalse
* (1in=72.27pt=25.4mm, 1cm=28.453pt)

Package hyperref Info: Link coloring ON on input line 72.
(Sprawozdanie.out) (Sprawozdanie.out)
\@outlinefile=\write5
\openout5 = `Sprawozdanie.out'.

Package hyperref Info: Option `pageanchor' set `false' on input line 80.
LaTeX Font Info:    Trying to load font information for T1+qhv on input line 80
.

(C:\Users\Mateusz\AppData\Local\Programs\MiKTeX\tex/latex/tex-gyre\t1qhv.fd
File: t1qhv.fd 2009/09/25 v1.2 font definition file for T1/qhv
)<<ot1.cmap>><<oml.cmap>><<oms.cmap>><<omx.cmap>>
LaTeX Font Info:    Trying to load font information for U+msa on input line 80.


(C:\Users\Mateusz\AppData\Local\Programs\MiKTeX\tex/latex/amsfonts\umsa.fd
File: umsa.fd 2013/01/14 v3.01 AMS symbols A
)
LaTeX Font Info:    Trying to load font information for U+msb on input line 80.


(C:\Users\Mateusz\AppData\Local\Programs\MiKTeX\tex/latex/amsfonts\umsb.fd
File: umsb.fd 2013/01/14 v3.01 AMS symbols B
)

[1

{C:/Users/Mateusz/AppData/Local/MiKTeX/fonts/map/pdftex/pdftex.map}{C:/Users/Ma
teusz/AppData/Local/Programs/MiKTeX/fonts/enc/dvips/tex-gyre/q-ec.enc}]
(Sprawozdanie.toc)
\tf@toc=\write6
\openout6 = `Sprawozdanie.toc'.



[2



]
Chapter 1.


[3

]
Chapter 2.
LaTeX Font Info:    Trying to load font information for TS1+qtm on input line 1
16.
(C:\Users\Mateusz\AppData\Local\Programs\MiKTeX\tex/latex/tex-gyre\ts1qtm.fd
File: ts1qtm.fd 2009/09/25 v1.2 font definition file for TS1/qtm
)

[4

{C:/Users/Mateusz/AppData/Local/Programs/MiKTeX/fonts/enc/dvips/tex-gyre/q-ts1.
enc}]


Package fancyhdr Warning: \headheight is too small (12.0pt): 
(fancyhdr)                Make it at least 13.59999pt, for example:
(fancyhdr)                \setlength{\headheight}{13.59999pt}.
(fancyhdr)                You might also make \topmargin smaller:
(fancyhdr)                \addtolength{\topmargin}{-1.59999pt}.

[5]


Package fancyhdr Warning: \headheight is too small (12.0pt): 
(fancyhdr)                Make it at least 13.59999pt, for example:
(fancyhdr)                \setlength{\headheight}{13.59999pt}.
(fancyhdr)                You might also make \topmargin smaller:
(fancyhdr)                \addtolength{\topmargin}{-1.59999pt}.

[6]


Package fancyhdr Warning: \headheight is too small (12.0pt): 
(fancyhdr)                Make it at least 13.59999pt, for example:
(fancyhdr)                \setlength{\headheight}{13.59999pt}.
(fancyhdr)                You might also make \topmargin smaller:
(fancyhdr)                \addtolength{\topmargin}{-1.59999pt}.

[7]


Package fancyhdr Warning: \headheight is too small (12.0pt): 
(fancyhdr)                Make it at least 13.59999pt, for example:
(fancyhdr)                \setlength{\headheight}{13.59999pt}.
(fancyhdr)                You might also make \topmargin smaller:
(fancyhdr)                \addtolength{\topmargin}{-1.59999pt}.

[8]


Package fancyhdr Warning: \headheight is too small (12.0pt): 
(fancyhdr)                Make it at least 13.59999pt, for example:
(fancyhdr)                \setlength{\headheight}{13.59999pt}.
(fancyhdr)                You might also make \topmargin smaller:
(fancyhdr)                \addtolength{\topmargin}{-1.59999pt}.

[9]


Package fancyhdr Warning: \headheight is too small (12.0pt): 
(fancyhdr)                Make it at least 13.59999pt, for example:
(fancyhdr)                \setlength{\headheight}{13.59999pt}.
(fancyhdr)                You might also make \topmargin smaller:
(fancyhdr)                \addtolength{\topmargin}{-1.59999pt}.

[10]
Underfull \hbox (badness 10000) in paragraph at lines 525--528
\T1/qtm/m/n/10.95 [1] Post-greSQL Doc-u-men-ta-tion ^^U Per-for-mance Tips [][]
$https : / / www . postgresql . org / docs / current /
 []


Underfull \hbox (badness 10000) in paragraph at lines 533--536
[]\T1/qtm/m/n/10.95 [3] F. Hecht, Scal-ing Database Sys-tems [][]$https : / / w
ww . cockroachlabs . com / docs / stable /
 []




Package fancyhdr Warning: \headheight is too small (12.0pt): 
(fancyhdr)                Make it at least 13.59999pt, for example:
(fancyhdr)                \setlength{\headheight}{13.59999pt}.
(fancyhdr)                You might also make \topmargin smaller:
(fancyhdr)                \addtolength{\topmargin}{-1.59999pt}.

[11]
Chapter 3.
LaTeX Font Info:    Trying to load font information for T1+txtt on input line 5
82.
(C:\Users\Mateusz\AppData\Local\Programs\MiKTeX\tex/latex/txfonts\t1txtt.fd
File: t1txtt.fd 2000/12/15 v3.1
)

[12

]
LaTeX Font Info:    Font shape `T1/txtt/b/n' in size <10.95> not available
(Font)              Font shape `T1/txtt/bx/n' tried instead on input line 666.

Overfull \vbox (2.96326pt too high) detected at line 703
 []




Package fancyhdr Warning: \headheight is too small (12.0pt): 
(fancyhdr)                Make it at least 13.59999pt, for example:
(fancyhdr)                \setlength{\headheight}{13.59999pt}.
(fancyhdr)                You might also make \topmargin smaller:
(fancyhdr)                \addtolength{\topmargin}{-1.59999pt}.

[13]
Underfull \hbox (badness 10000) in paragraph at lines 891--891
[]\T1/qhv/m/n/10.95 pa-
 []


Overfull \hbox (7.0858pt too wide) in paragraph at lines 891--891
[]\T1/qhv/m/n/10.95 first_name| 
 []


Overfull \hbox (5.01396pt too wide) in paragraph at lines 891--891
[]\T1/qhv/m/n/10.95 last_name| 
 []


Overfull \hbox (4.79414pt too wide) in paragraph at lines 891--891
[]\T1/qhv/m/n/10.95 birth_date| 
 []


Overfull \hbox (7.3135pt too wide) in paragraph at lines 891--891
[]\T1/qtm/m/n/10.95 Wi±niewska| 
 []


Overfull \hbox (8.34875pt too wide) in paragraph at lines 891--891
[]\T1/qtm/m/n/10.95 90010112345| 
 []


Underfull \hbox (badness 10000) in paragraph at lines 891--891
[]\T1/qtm/m/n/10.95 1990-01-
 []


Overfull \hbox (7.89714pt too wide) in paragraph at lines 891--891
[][][]\T1/qtm/m/n/10.95 maria@example.com[][]| 
 []


Overfull \hbox (9.20488pt too wide) in paragraph at lines 891--891
[]\T1/qtm/m/n/10.95 +48123123123| 
 []


Overfull \hbox (1.94803pt too wide) in paragraph at lines 891--891
[]\T1/qtm/m/n/10.95 D¡browski| 
 []


Overfull \hbox (8.34875pt too wide) in paragraph at lines 891--891
[]\T1/qtm/m/n/10.95 85050554321| 
 []


Underfull \hbox (badness 10000) in paragraph at lines 891--891
[]\T1/qtm/m/n/10.95 1985-05-
 []


Overfull \hbox (13.76633pt too wide) in paragraph at lines 891--891
[][][]\T1/qtm/m/n/10.95 tomasz@example.com[][]| 
 []


Overfull \hbox (9.20488pt too wide) in paragraph at lines 891--891
[]\T1/qtm/m/n/10.95 +48987654321| 
 []




Package fancyhdr Warning: \headheight is too small (12.0pt): 
(fancyhdr)                Make it at least 13.59999pt, for example:
(fancyhdr)                \setlength{\headheight}{13.59999pt}.
(fancyhdr)                You might also make \topmargin smaller:
(fancyhdr)                \addtolength{\topmargin}{-1.59999pt}.

[14]


Package fancyhdr Warning: \headheight is too small (12.0pt): 
(fancyhdr)                Make it at least 13.59999pt, for example:
(fancyhdr)                \setlength{\headheight}{13.59999pt}.
(fancyhdr)                You might also make \topmargin smaller:
(fancyhdr)                \addtolength{\topmargin}{-1.59999pt}.

[15]
Chapter 4.


[16

]
LaTeX Font Info:    Font shape `T1/txtt/m/it' in size <10.95> not available
(Font)              Font shape `T1/txtt/m/sl' tried instead on input line 1045.

LaTeX Font Info:    Trying to load font information for TS1+txtt on input line 
1049.

(C:\Users\Mateusz\AppData\Local\Programs\MiKTeX\tex/latex/txfonts\ts1txtt.fd
File: ts1txtt.fd 2000/12/15 v3.1
)


Package fancyhdr Warning: \headheight is too small (12.0pt): 
(fancyhdr)                Make it at least 13.59999pt, for example:
(fancyhdr)                \setlength{\headheight}{13.59999pt}.
(fancyhdr)                You might also make \topmargin smaller:
(fancyhdr)                \addtolength{\topmargin}{-1.59999pt}.

[17]


Package fancyhdr Warning: \headheight is too small (12.0pt): 
(fancyhdr)                Make it at least 13.59999pt, for example:
(fancyhdr)                \setlength{\headheight}{13.59999pt}.
(fancyhdr)                You might also make \topmargin smaller:
(fancyhdr)                \addtolength{\topmargin}{-1.59999pt}.

[18]
Chapter 5.
No file Sprawozdanie.ind.


[19

] (Sprawozdanie.aux)
 ***********
LaTeX2e <2025-06-01> patch level 1
L3 programming layer <2025-06-09>
 ***********
Package rerunfilecheck Info: File `Sprawozdanie.out' has not changed.
(rerunfilecheck)             Checksum: D20ED9DBAADD026B1E53456A4BC04C62;7954.
 ) 
Here is how much of TeX's memory you used:
 20365 strings out of 468221
 369189 string characters out of 5431924
 850901 words of memory out of 5000000
 48411 multiletter control sequences out of 15000+600000
 685258 words of font info for 98 fonts, out of 8000000 for 9000
 1142 hyphenation exceptions out of 8191
 72i,11n,82p,1203b,667s stack positions out of 10000i,1000n,20000p,200000b,200000s
<C:/Users/Mateusz/AppData/Local/Programs/MiKTeX/fonts/type1/public/amsfonts/c
m/cmmi6.pfb><C:/Users/Mateusz/AppData/Local/Programs/MiKTeX/fonts/type1/public/
amsfonts/cm/cmsy10.pfb><C:/Users/Mateusz/AppData/Local/Programs/MiKTeX/fonts/ty
pe1/public/amsfonts/cm/cmsy6.pfb><C:/Users/Mateusz/AppData/Local/Programs/MiKTe
X/fonts/type1/public/tex-gyre/qhvb.pfb><C:/Users/Mateusz/AppData/Local/Programs
/MiKTeX/fonts/type1/public/tex-gyre/qhvbi.pfb><C:/Users/Mateusz/AppData/Local/P
rograms/MiKTeX/fonts/type1/public/tex-gyre/qhvr.pfb><C:/Users/Mateusz/AppData/L
ocal/Programs/MiKTeX/fonts/type1/public/tex-gyre/qtmb.pfb><C:/Users/Mateusz/App
Data/Local/Programs/MiKTeX/fonts/type1/public/tex-gyre/qtmr.pfb><C:/Users/Mateu
sz/AppData/Local/Programs/MiKTeX/fonts/type1/public/tex-gyre/qtmri.pfb><C:/User
s/Mateusz/AppData/Local/Programs/MiKTeX/fonts/type1/public/txfonts/t1xbtt.pfb><
C:/Users/Mateusz/AppData/Local/Programs/MiKTeX/fonts/type1/public/txfonts/t1xtt
.pfb><C:/Users/Mateusz/AppData/Local/Programs/MiKTeX/fonts/type1/public/txfonts
/t1xtt.pfb><C:/Users/Mateusz/AppData/Local/Programs/MiKTeX/fonts/type1/public/t
xfonts/tcxtt.pfb>
Output written on Sprawozdanie.pdf (19 pages, 286880 bytes).
PDF statistics:
 396 PDF objects out of 1000 (max. 8388607)
 69 named destinations out of 1000 (max. 500000)
 389 words of extra memory for PDF output out of 10000 (max. 10000000)

